<?xml version="1.0" encoding="UTF-8" standalone="yes" ?>
<test-results name="D:\dev\Delphi\00-Lib\src\test\RunTests.exe" total="102" errors="1" failures="0" ignored="0" inconclusive="0" not-run="0" skipped="0" invalid="0" date="2026-07-09" time="10:53:20">
  <culture-info current-culture="en" current-uiculture="en" />
  <test-suite type="Assembly" name="RunTests.exe" executed="true" result="Failure" success="False" time="10:53:20" asserts="0">
    <results>
        <test-suite type="Namespace" name="rad" executed="true" result="Success" success="True" time="5.647" asserts="0" >
          <results>
              <test-suite type="Namespace" name="cache" executed="true" result="Success" success="True" time="0.258" asserts="0" >
                <results>
                    <test-suite type="Fixture" name="TCollectionBenchmarkTests" executed="True" result="Success" success="True" time="0.052" >
                      <results>
                        <test-case name="Benchmark_TSmartCache" executed="True" result="Success" success="True" time="0.034" asserts="0" />
                        <test-case name="Benchmark_RtlDictionary" executed="True" result="Success" success="True" time="0.014" asserts="0" />
                        <test-case name="Benchmark_DextDictionary" executed="True" result="Success" success="True" time="0.016" asserts="0" />
                      </results>
                    </test-suite>
                    <test-suite type="Namespace" name="Tests" executed="true" result="Success" success="True" time="0.206" asserts="0" >
                      <results>
                          <test-suite type="Fixture" name="TSmartCacheTestleri" executed="True" result="Success" success="True" time="0.205" >
                            <results>
                              <test-case name="EkleVeOku" executed="True" result="Success" success="True" time="0.000" asserts="0" />
                              <test-case name="SilmeIslemiDogruSonucDoner" executed="True" result="Success" success="True" time="0.000" asserts="0" />
                              <test-case name="GenelOlayEkleIslemiIptalEdebilir" executed="True" result="Success" success="True" time="0.000" asserts="0" />
                              <test-case name="GetOrAddSessizAddOrSetOlayTetikler" executed="True" result="Success" success="True" time="0.000" asserts="0" />
                              <test-case name="TekHandlerKaldirma" executed="True" result="Success" success="True" time="0.000" asserts="0" />
                              <test-case name="EszamanliErisimdeCokmeOlmaz" executed="True" result="Success" success="True" time="0.000" asserts="0" >
                                <categories>
                                  <category name="EÅŸzamanlÄ±lÄ±k" />
                                </categories>
                              </test-case>
                              <test-case name="GenelOlayEszamanliDegistirmedeYarisOlmaz" executed="True" result="Success" success="True" time="0.207" asserts="0" >
                                <categories>
                                  <category name="EÅŸzamanlÄ±lÄ±k" />
                                </categories>
                              </test-case>
                            </results>
                          </test-suite>
                          <test-suite type="Fixture" name="TSmartParamTestleri" executed="True" result="Success" success="True" time="0.001" >
                            <results>
                              <test-case name="TemelTiplerGidisDonusu" executed="True" result="Success" success="True" time="0.000" asserts="0" />
                              <test-case name="BosVeNullDegerler" executed="True" result="Success" success="True" time="0.000" asserts="0" />
                              <test-case name="NesneReferansiGidisDonusu" executed="True" result="Success" success="True" time="0.000" asserts="0" />
                              <test-case name="ArayuzDestegi" executed="True" result="Success" success="True" time="0.000" asserts="0" />
                            </results>
                          </test-suite>
                      </results>
                    </test-suite>
                </results>
              </test-suite>
              <test-suite type="Fixture" name="TCmdsTestleri" executed="True" result="Success" success="True" time="0.049" >
                <results>
                  <test-case name="KomutKaydiVeSayisi" executed="True" result="Success" success="True" time="0.000" asserts="0" />
                  <test-case name="CalistirVeGuvenliCalistir" executed="True" result="Success" success="True" time="0.000" asserts="0" />
                  <test-case name="AnahtarBuyukKucukHarfDuyarsiz.Buyuk Kucuk Harf Duyarsizlik 1 - Kucuk Harf" executed="True" result="Success" success="True" time="0.000" asserts="0" />
                  <test-case name="AnahtarBuyukKucukHarfDuyarsiz.Buyuk Kucuk Harf Duyarsizlik 2 - Buyuk Harf" executed="True" result="Success" success="True" time="0.000" asserts="0" />
                  <test-case name="AnahtarBuyukKucukHarfDuyarsiz.Buyuk Kucuk Harf Duyarsizlik 3 - Karisik Harf" executed="True" result="Success" success="True" time="0.000" asserts="0" />
                  <test-case name="KomutKaydiniSil" executed="True" result="Success" success="True" time="0.000" asserts="0" />
                  <test-case name="AsenkronCalistirBasariDurumu" executed="True" result="Success" success="True" time="0.032" asserts="0" >
                    <categories>
                      <category name="Asenkron" />
                    </categories>
                  </test-case>
                  <test-case name="AsenkronCalistirHataDurumu" executed="True" result="Success" success="True" time="0.016" asserts="0" >
                    <categories>
                      <category name="Asenkron" />
                    </categories>
                  </test-case>
                  <test-case name="EszamanliKayitCalistirSil" executed="True" result="Success" success="True" time="0.000" asserts="0" >
                    <categories>
                      <category name="EÅŸzamanlÄ±lÄ±k" />
                    </categories>
                  </test-case>
                </results>
              </test-suite>
              <test-suite type="Namespace" name="eventbus" executed="true" result="Success" success="True" time="1.360" asserts="0" >
                <results>
                    <test-suite type="Fixture" name="TChannelBusBenchmarkTestleri" executed="True" result="Success" success="True" time="0.179" >
                      <results>
                        <test-case name="Benchmark_DmSync" executed="True" result="Success" success="True" time="0.097" asserts="0" />
                        <test-case name="Benchmark_DmAsync" executed="True" result="Error" success="False" time="0.013" asserts="0" >
                          <failure>
                            <message>
                              <![CDATA[ rad.eventbus: opBlockPublisher kuyruğu doluyken ANA THREAD'den (dmAsync) Publish çağrıldı — ana thread kilitlenmek üzereydi. Çözüm: kuyruk derinliğini (AQueueDepth) artırın, ana thread yerine bir arka plan thread'inden yayınlayın, veya farklı bir taşma politikası (opDropOldest/opDropNewest/opGrow) kullanın. (Bu kontrol yalnızca DEBUG derlemede aktiftir.) ]]>
                            </message>
                            <stack-trace>
                              <![CDATA[  ]]>
                            </stack-trace>
                          </failure>
                        </test-case>
                        <test-case name="Benchmark_DmMainSync" executed="True" result="Success" success="True" time="0.035" asserts="0" />
                        <test-case name="Benchmark_DmMainAsync" executed="True" result="Success" success="True" time="0.030" asserts="0" />
                      </results>
                    </test-suite>
                    <test-suite type="Fixture" name="TChannelBusTestleri" executed="True" result="Success" success="True" time="1.181" >
                      <results>
                        <test-case name="SenkronYayinAboneyeHemenUlasir" executed="True" result="Success" success="True" time="0.000" asserts="0" />
                        <test-case name="KanalAdiBuyukKucukHarfVeBoslukDuyarsiz.Kanal Adi Buyuk Harf" executed="True" result="Success" success="True" time="0.000" asserts="0" />
                        <test-case name="KanalAdiBuyukKucukHarfVeBoslukDuyarsiz.Kanal Adi Bosluklu" executed="True" result="Success" success="True" time="0.000" asserts="0" />
                        <test-case name="KanalAdiBuyukKucukHarfVeBoslukDuyarsiz.Kanal Adi Karisik Harf" executed="True" result="Success" success="True" time="0.000" asserts="0" />
                        <test-case name="FarkliKanallarBirbirineKarismaz" executed="True" result="Success" success="True" time="0.000" asserts="0" />
                        <test-case name="AyniKanaldaFarkliTipteAbonelikBirbirineKarismaz" executed="True" result="Success" success="True" time="0.000" asserts="0" />
                        <test-case name="DinamikTValueDizisiIleYayinAboneyeUlasir" executed="True" result="Success" success="True" time="0.000" asserts="0" />
                        <test-case name="JsonIDocDictIleYayinAboneyeUlasir" executed="True" result="Success" success="True" time="0.000" asserts="0" />
                        <test-case name="DinamikVeJsonVeGenericAyniKanaldaKarismaz" executed="True" result="Success" success="True" time="0.000" asserts="0" />
                        <test-case name="AsenkronYayinSonundaBaskaThreaddeUlasir" executed="True" result="Success" success="True" time="0.000" asserts="0" />
                        <test-case name="AnaThreadtanMainSyncYayinKendiKendiniKilitlemez" executed="True" result="Success" success="True" time="0.015" asserts="0" />
                        <test-case name="BaskaThreadtanMainSyncYayinAnaThreadePompalanarakUlasir" executed="True" result="Success" success="True" time="0.017" asserts="0" />
                        <test-case name="MainAsyncYayinHemenCalismazSonraPompalaninceCalisir" executed="True" result="Success" success="True" time="0.000" asserts="0" />
                        <test-case name="DispatchSirasindaUnsubscribeCakismaOlusturmaz" executed="True" result="Success" success="True" time="0.000" asserts="0" />
                        <test-case name="WaitAndUnsubscribeDevamEdenIsiBekler" executed="True" result="Success" success="True" time="0.220" asserts="0" />
                        <test-case name="AboneSayisiVeKanalSilmeCalisir" executed="True" result="Success" success="True" time="0.000" asserts="0" />
                        <test-case name="KanallarVeToplamAboneSayisiDogruDoner" executed="True" result="Success" success="True" time="0.000" asserts="0" />
                        <test-case name="BirAboneninHatasiDigerAboneleriEngellemez" executed="True" result="Success" success="True" time="0.000" asserts="0" >
                          <categories>
                            <category name="Hata Yonetimi" />
                          </categories>
                        </test-case>
                        <test-case name="OnErrorAtanmamissaHataSessizceYutulur" executed="True" result="Success" success="True" time="0.000" asserts="0" >
                          <categories>
                            <category name="Hata Yonetimi" />
                          </categories>
                        </test-case>
                        <test-case name="OnErrorAtanmissaKanalVeVeriDogruBildirilir" executed="True" result="Success" success="True" time="0.000" asserts="0" >
                          <categories>
                            <category name="Hata Yonetimi" />
                          </categories>
                        </test-case>
                        <test-case name="OnErrorAsenkronAbonedeDeCalisir" executed="True" result="Success" success="True" time="0.000" asserts="0" >
                          <categories>
                            <category name="Hata Yonetimi" />
                          </categories>
                        </test-case>
                        <test-case name="WildcardAbonelikBirdenFazlaKanaliKarsilar" executed="True" result="Success" success="True" time="0.000" asserts="0" >
                          <categories>
                            <category name="Wildcard" />
                          </categories>
                        </test-case>
                        <test-case name="WildcardDesenUyusmayanKanaliTetiklemez" executed="True" result="Success" success="True" time="0.000" asserts="0" >
                          <categories>
                            <category name="Wildcard" />
                          </categories>
                        </test-case>
                        <test-case name="WildcardPatternsVeToplamSayiDogruDoner" executed="True" result="Success" success="True" time="0.000" asserts="0" >
                          <categories>
                            <category name="Wildcard" />
                          </categories>
                        </test-case>
                        <test-case name="WildcardYokkenDavranisDegismez" executed="True" result="Success" success="True" time="0.000" asserts="0" >
                          <categories>
                            <category name="Wildcard" />
                          </categories>
                        </test-case>
                        <test-case name="OpBlockPublisherHicVeriKaybetmez" executed="True" result="Success" success="True" time="0.000" asserts="0" >
                          <categories>
                            <category name="Geri Basinc" />
                          </categories>
                        </test-case>
                        <test-case name="OpGrowSinirsizKabulEderVeKaybetmez" executed="True" result="Success" success="True" time="0.032" asserts="0" >
                          <categories>
                            <category name="Geri Basinc" />
                          </categories>
                        </test-case>
                        <test-case name="OpDropOldestKuyrukDolunceVeriAtar" executed="True" result="Success" success="True" time="0.000" asserts="0" >
                          <categories>
                            <category name="Geri Basinc" />
                          </categories>
                        </test-case>
                        <test-case name="InterceptorOncesindeVeSonrasindaDogruSirayla" executed="True" result="Success" success="True" time="0.000" asserts="0" >
                          <categories>
                            <category name="Interceptor" />
                          </categories>
                        </test-case>
                        <test-case name="InterceptorHatasiDispatchiEngellemez" executed="True" result="Success" success="True" time="0.000" asserts="0" >
                          <categories>
                            <category name="Interceptor" />
                          </categories>
                        </test-case>
                        <test-case name="DebounceArdisikOlaylardaSonDegerleBirKezCalisir" executed="True" result="Success" success="True" time="0.679" asserts="0" >
                          <categories>
                            <category name="Debounce" />
                          </categories>
                        </test-case>
                        <test-case name="DebounceSifirsaHerOlaydaCalisir" executed="True" result="Success" success="True" time="0.000" asserts="0" >
                          <categories>
                            <category name="Debounce" />
                          </categories>
                        </test-case>
                        <test-case name="MainSyncTimeoutSuresindeGeriDoner" executed="True" result="Success" success="True" time="0.206" asserts="0" >
                          <categories>
                            <category name="MainSync Timeout" />
                          </categories>
                        </test-case>
                        <test-case name="MainSyncTimeoutsuzEskiDavranisDegismez" executed="True" result="Success" success="True" time="0.016" asserts="0" >
                          <categories>
                            <category name="MainSync Timeout" />
                          </categories>
                        </test-case>
                        <test-case name="OpBlockPublisherAnaThreaddenCagrilirsaDebugtaHataVerir" executed="True" result="Success" success="True" time="0.000" asserts="0" >
                          <categories>
                            <category name="Geri Basinc" />
                          </categories>
                        </test-case>
                      </results>
                    </test-suite>
                </results>
              </test-suite>
              <test-suite type="Fixture" name="TRadTaskTestleri" executed="True" result="Success" success="True" time="3.978" >
                <results>
                  <test-case name="OnGeciktirmeSuresiUygulanir" executed="True" result="Success" success="True" time="0.300" asserts="0" />
                  <test-case name="SonGeciktirmeSuresiUygulanir" executed="True" result="Success" success="True" time="0.347" asserts="0" />
                  <test-case name="TekrarTamSayidaCalisir" executed="True" result="Success" success="True" time="0.128" asserts="0" />
                  <test-case name="HataliGorevYenidenDenenirVeHataVerir" executed="True" result="Success" success="True" time="0.063" asserts="0" />
                  <test-case name="OnGeciktirmeSirasindaIptalEdilebilir" executed="True" result="Success" success="True" time="0.190" asserts="0" >
                    <categories>
                      <category name="İptal" />
                    </categories>
                  </test-case>
                  <test-case name="YenidenDenemeGeciktirmesindeIptalEdilebilir" executed="True" result="Success" success="True" time="0.222" asserts="0" >
                    <categories>
                      <category name="İptal" />
                    </categories>
                  </test-case>
                  <test-case name="HariciTokenIleIptalEdilebilir" executed="True" result="Success" success="True" time="0.192" asserts="0" >
                    <categories>
                      <category name="İptal" />
                    </categories>
                  </test-case>
                  <test-case name="TekrarGeciktirmesindeIptalEdilebilir" executed="True" result="Success" success="True" time="0.174" asserts="0" >
                    <categories>
                      <category name="İptal" />
                    </categories>
                  </test-case>
                  <test-case name="TumGorevleriBeklerVeTamamlar" executed="True" result="Success" success="True" time="0.127" asserts="0" />
                  <test-case name="AdimlarArasiSonucTasinir" executed="True" result="Success" success="True" time="0.016" asserts="0" />
                  <test-case name="ZamanAsimindaOnTimeoutTetiklenir" executed="True" result="Success" success="True" time="0.222" asserts="0" >
                    <categories>
                      <category name="Zaman Aşımı" />
                    </categories>
                  </test-case>
                  <test-case name="YenidenDenemeSirasindaZamanAsiminaUgrayanGorevTekrarlanmaz" executed="True" result="Success" success="True" time="0.302" asserts="0" >
                    <categories>
                      <category name="Zaman Aşımı" />
                    </categories>
                  </test-case>
                  <test-case name="IkinciBaslatmaCagrisiIstisnaFirlatir" executed="True" result="Success" success="True" time="0.160" asserts="0" />
                  <test-case name="AcikIptalIstisnasiHataDegilIptalSayilir" executed="True" result="Success" success="True" time="0.015" asserts="0" >
                    <categories>
                      <category name="İptal" />
                    </categories>
                  </test-case>
                  <test-case name="EszamanliCokGorevBasariylaTamamlanir" executed="True" result="Success" success="True" time="0.107" asserts="0" >
                    <categories>
                      <category name="Eşzamanlılık" />
                    </categories>
                  </test-case>
                  <test-case name="IlerlemeBildirimiKisitlanir" executed="True" result="Success" success="True" time="0.191" asserts="0" />
                  <test-case name="BeklemeCagrisiEsZamanliCalisir" executed="True" result="Success" success="True" time="0.204" asserts="0" />
                  <test-case name="CallbackHatasiYutulurVeZincirDevamEder" executed="True" result="Success" success="True" time="0.032" asserts="0" />
                  <test-case name="BeklemeSirasindaIptalOnFinallyTamamlanmasiniGarantiEder" executed="True" result="Success" success="True" time="0.190" asserts="0" >
                    <categories>
                      <category name="İptal" />
                    </categories>
                  </test-case>
                  <test-case name="CalismaVeTamamlanmaDurumuDogruYansir" executed="True" result="Success" success="True" time="0.160" asserts="0" />
                  <test-case name="BasariliGorevdeSadeceOnSuccessTetiklenir" executed="True" result="Success" success="True" time="0.031" asserts="0" />
                  <test-case name="BaslamadanOnceIptalEdilenGorevCalismaz" executed="True" result="Success" success="True" time="0.000" asserts="0" >
                    <categories>
                      <category name="İptal" />
                    </categories>
                  </test-case>
                  <test-case name="CheckCancelledYanlisPozitifVermez" executed="True" result="Success" success="True" time="0.032" asserts="0" >
                    <categories>
                      <category name="İptal" />
                    </categories>
                  </test-case>
                  <test-case name="TimeoutAyarlanmamisGorevZamanAsimayaUgramaz" executed="True" result="Success" success="True" time="0.203" asserts="0" >
                    <categories>
                      <category name="Zaman Aşımı" />
                    </categories>
                  </test-case>
                  <test-case name="WhenAllBasarisizAltGorevIleTamamlanir" executed="True" result="Success" success="True" time="0.031" asserts="0" />
                  <test-case name="WhenAllBosDiziIleAnindaTamamlanir" executed="True" result="Success" success="True" time="0.016" asserts="0" />
                  <test-case name="AdimZincirindeIptalKalanAdimlariAtlar" executed="True" result="Success" success="True" time="0.014" asserts="0" >
                    <categories>
                      <category name="İptal" />
                    </categories>
                  </test-case>
                  <test-case name="IkinciWaitCagrisiDaIstisnaFirlatir" executed="True" result="Success" success="True" time="0.302" asserts="0" />
                </results>
              </test-suite>
              <test-suite type="Fixture" name="TGenerateFluentCodeTestleri" executed="True" result="Success" success="True" time="0.002" >
                <results>
                  <test-case name="NilClassVerilirseExceptionFirlatir" executed="True" result="Success" success="True" time="0.000" asserts="0" />
                  <test-case name="InterfaceAdiTOnekiDusurulupIEklenerekUretilir" executed="True" result="Success" success="True" time="0.000" asserts="0" />
                  <test-case name="ImplementasyonClassAdiFluentEkiyleUretilir" executed="True" result="Success" success="True" time="0.000" asserts="0" />
                  <test-case name="BasitPropertyIcinSetVeGetFluentImzasiUretilir" executed="True" result="Success" success="True" time="0.000" asserts="0" />
                  <test-case name="AccessorMetoduIleYazilmisPropertyDeUretilir" executed="True" result="Success" success="True" time="0.000" asserts="0" />
                  <test-case name="EventPropertyIcinDeSetVeGetUretilir" executed="True" result="Success" success="True" time="0.000" asserts="0" />
                  <test-case name="PublicMetodAyniImzaIlePassThroughUretilir" executed="True" result="Success" success="True" time="0.000" asserts="0" />
                  <test-case name="GenerikArrayParametreliMetodDaUretilir" executed="True" result="Success" success="True" time="0.000" asserts="0" />
                  <test-case name="AyniIsimliOverloadMetodlaraOverloadEklenir" executed="True" result="Success" success="True" time="0.000" asserts="0" />
                  <test-case name="AsInstanceHerZamanUretilir" executed="True" result="Success" success="True" time="0.000" asserts="0" />
                  <test-case name="AutoFreeParametresiVeDestructorUretilir" executed="True" result="Success" success="True" time="0.000" asserts="0" >
                    <categories>
                      <category name="AutoFree" />
                    </categories>
                  </test-case>
                  <test-case name="IndeksliPropertyIcinIndexParametreliSetGetUretilir" executed="True" result="Success" success="True" time="0.000" asserts="0" >
                    <categories>
                      <category name="Indeksli Property" />
                    </categories>
                  </test-case>
                </results>
              </test-suite>
          </results>
        </test-suite>
    </results>
  </test-suite>
</test-results>
